<robot generator="Robot 6.1.1 (Python 3.9.5 on win32)" generated="20241021 11:36:20.954" rpa="false" schemaversion="4">
<statistics>
<total>
<stat pass="1" fail="0" skip="0">All Tests</stat>
</total>
<tag>
</tag>
<suite>
<stat pass="1" fail="0" skip="0" id="s1" name="Suites">Suites</stat>
<stat pass="1" fail="0" skip="0" id="s1-s1" name="Test-1">Suites.Test-1</stat>
</suite>
</statistics>
<suite name="Suites" id="s0"><suite id="s1-s1" name="Test-1 Windows, 11, Firefox, latest" source="C:\Users\703378934\robot-browserstack\tests\test-1.robot">
<test id="s1-s1-t1" name="BStack Sample Test 1" line="20">
<kw name="Execute test" type="SETUP">
<kw name="Open Session" library="KeywordsFile">
<arg>${test_caps}</arg>
<arg>${website_url}</arg>
<kw name="Open Browser" library="SeleniumLibrary">
<arg>remote_url=${remote_url}</arg>
<arg>browser=chrome</arg>
<arg>desired_capabilities=${capabilities}</arg>
<arg>url=${test_url}</arg>
<doc>Opens a new browser instance to the optional ``url``.</doc>
<msg timestamp="20241021 11:36:21.120" level="WARN">desired_capabilities has been deprecated and removed. Please use options to configure browsers as per documentation.</msg>
<msg timestamp="20241021 11:36:21.120" level="INFO">Opening browser 'chrome' to base url 'https://bstackdemo.com' through remote server at 'http://localhost:4444/wd/hub'.</msg>
<msg timestamp="20241021 11:36:21.133" level="INFO">Completed setup!</msg>
<status status="PASS" starttime="20241021 11:36:21.120" endtime="20241021 11:36:47.390" />
</kw>
<status status="PASS" starttime="20241021 11:36:21.120" endtime="20241021 11:36:47.390" />
</kw>
<status status="PASS" starttime="20241021 11:36:21.114" endtime="20241021 11:36:47.405" />
</kw>
<kw name="Add to Cart" library="TestCases">
<kw name="Add Implicit Wait" library="KeywordsFile">
<kw name="Set Selenium Implicit Wait" library="SeleniumLibrary">
<arg>5</arg>
<doc>Sets the implicit wait value used by Selenium.</doc>
<status status="PASS" starttime="20241021 11:36:47.405" endtime="20241021 11:36:47.533" />
</kw>
<status status="PASS" starttime="20241021 11:36:47.405" endtime="20241021 11:36:47.533" />
</kw>
<kw name="Get the page title" library="KeywordsFile">
<kw name="Get Title" library="SeleniumLibrary">
<doc>Returns the title of the current page.</doc>
<status status="PASS" starttime="20241021 11:36:47.533" endtime="20241021 11:36:47.653" />
</kw>
<status status="PASS" starttime="20241021 11:36:47.533" endtime="20241021 11:36:47.653" />
</kw>
<kw name="Sleep" library="BuiltIn">
<arg>3</arg>
<doc>Pauses the test executed for the given time.</doc>
<msg timestamp="20241021 11:36:50.674" level="INFO">Slept 3 seconds</msg>
<status status="PASS" starttime="20241021 11:36:47.668" endtime="20241021 11:36:50.674" />
</kw>
<kw name="Add first product to cart" library="KeywordsFile">
<kw name="Click Element" library="SeleniumLibrary">
<arg>xpath=//*[@id="1"]/div[4]</arg>
<doc>Click the element identified by ``locator``.</doc>
<msg timestamp="20241021 11:36:50.674" level="INFO">Clicking element 'xpath=//*[@id="1"]/div[4]'.</msg>
<status status="PASS" starttime="20241021 11:36:50.674" endtime="20241021 11:36:51.211" />
</kw>
<status status="PASS" starttime="20241021 11:36:50.674" endtime="20241021 11:36:51.214" />
</kw>
<kw name="Sleep" library="BuiltIn">
<arg>3</arg>
<doc>Pauses the test executed for the given time.</doc>
<msg timestamp="20241021 11:36:54.219" level="INFO">Slept 3 seconds</msg>
<status status="PASS" starttime="20241021 11:36:51.217" endtime="20241021 11:36:54.219" />
</kw>
<kw name="Verify product is added to cart" library="KeywordsFile">
<kw name="Get Text" library="SeleniumLibrary">
<var>${product_name}</var>
<arg>xpath=//*[@id="1"]/p</arg>
<doc>Returns the text value of the element identified by ``locator``.</doc>
<msg timestamp="20241021 11:36:54.364" level="INFO">${product_name} = iPhone 12</msg>
<status status="PASS" starttime="20241021 11:36:54.219" endtime="20241021 11:36:54.364" />
</kw>
<kw name="Get Text" library="SeleniumLibrary">
<var>${product_incart}</var>
<arg>css=p.title</arg>
<doc>Returns the text value of the element identified by ``locator``.</doc>
<msg timestamp="20241021 11:36:54.510" level="INFO">${product_incart} = iPhone 12</msg>
<status status="PASS" starttime="20241021 11:36:54.364" endtime="20241021 11:36:54.510" />
</kw>
<kw name="Element Should Contain" library="SeleniumLibrary">
<arg>css=p.title</arg>
<arg>${product_name}</arg>
<doc>Verifies that element ``locator`` contains text ``expected``.</doc>
<msg timestamp="20241021 11:36:54.651" level="INFO">Element 'css=p.title' contains text 'iPhone 12'.</msg>
<status status="PASS" starttime="20241021 11:36:54.526" endtime="20241021 11:36:54.651" />
</kw>
<status status="PASS" starttime="20241021 11:36:54.219" endtime="20241021 11:36:54.651" />
</kw>
<status status="PASS" starttime="20241021 11:36:47.405" endtime="20241021 11:36:54.651" />
</kw>
<kw name="Close Session" library="KeywordsFile" type="TEARDOWN">
<kw name="Close Browser" library="SeleniumLibrary">
<doc>Closes the current browser.</doc>
<status status="PASS" starttime="20241021 11:36:54.651" endtime="20241021 11:36:54.667" />
</kw>
<status status="PASS" starttime="20241021 11:36:54.651" endtime="20241021 11:36:54.667" />
</kw>
<status status="PASS" starttime="20241021 11:36:21.114" endtime="20241021 11:36:54.667" />
</test>
<status status="PASS" starttime="20241021 11:36:21.001" endtime="20241021 11:36:56.770" />
</suite>
<status status="PASS" starttime="20241021 11:36:21.001" endtime="20241021 11:36:56.770" />
</suite><errors>
<msg timestamp="20241021 11:36:21.120" level="WARN">desired_capabilities has been deprecated and removed. Please use options to configure browsers as per documentation.</msg>
</errors>
</robot>