<robot generator="Robot 6.1.1 (Python 3.9.5 on win32)" generated="20241021 11:37:20.149" rpa="false" schemaversion="4">
<statistics>
<total>
<stat pass="1" fail="0" skip="0">All Tests</stat>
</total>
<tag>
</tag>
<suite>
<stat pass="1" fail="0" skip="0" id="s1" name="Suites">Suites</stat>
<stat pass="1" fail="0" skip="0" id="s1-s1" name="Test-3">Suites.Test-3</stat>
</suite>
</statistics>
<suite name="Suites" id="s0"><suite id="s1-s1" name="Test-3 Windows, 10, Chrome, 120.0" source="C:\Users\703378934\robot-browserstack\tests\test-3.robot">
<test id="s1-s1-t1" name="BStack Sample Test 3" line="20">
<kw name="Execute test" type="SETUP">
<kw name="Open Session" library="KeywordsFile">
<arg>${test_caps}</arg>
<arg>${website_url}</arg>
<kw name="Open Browser" library="SeleniumLibrary">
<arg>remote_url=${remote_url}</arg>
<arg>browser=chrome</arg>
<arg>desired_capabilities=${capabilities}</arg>
<arg>url=${test_url}</arg>
<doc>Opens a new browser instance to the optional ``url``.</doc>
<msg timestamp="20241021 11:37:20.377" level="WARN">desired_capabilities has been deprecated and removed. Please use options to configure browsers as per documentation.</msg>
<msg timestamp="20241021 11:37:20.378" level="INFO">Opening browser 'chrome' to base url 'https://bstackdemo.com' through remote server at 'http://localhost:4444/wd/hub'.</msg>
<msg timestamp="20241021 11:37:20.381" level="INFO">Completed setup!</msg>
<status status="PASS" starttime="20241021 11:37:20.375" endtime="20241021 11:37:40.622" />
</kw>
<status status="PASS" starttime="20241021 11:37:20.373" endtime="20241021 11:37:40.635" />
</kw>
<status status="PASS" starttime="20241021 11:37:20.370" endtime="20241021 11:37:40.640" />
</kw>
<kw name="Add to Cart" library="TestCases">
<kw name="Add Implicit Wait" library="KeywordsFile">
<kw name="Set Selenium Implicit Wait" library="SeleniumLibrary">
<arg>5</arg>
<doc>Sets the implicit wait value used by Selenium.</doc>
<status status="PASS" starttime="20241021 11:37:40.640" endtime="20241021 11:37:40.720" />
</kw>
<status status="PASS" starttime="20241021 11:37:40.640" endtime="20241021 11:37:40.720" />
</kw>
<kw name="Get the page title" library="KeywordsFile">
<kw name="Get Title" library="SeleniumLibrary">
<doc>Returns the title of the current page.</doc>
<status status="PASS" starttime="20241021 11:37:40.720" endtime="20241021 11:37:40.807" />
</kw>
<status status="PASS" starttime="20241021 11:37:40.720" endtime="20241021 11:37:40.814" />
</kw>
<kw name="Sleep" library="BuiltIn">
<arg>3</arg>
<doc>Pauses the test executed for the given time.</doc>
<msg timestamp="20241021 11:37:43.834" level="INFO">Slept 3 seconds</msg>
<status status="PASS" starttime="20241021 11:37:40.814" endtime="20241021 11:37:43.835" />
</kw>
<kw name="Add first product to cart" library="KeywordsFile">
<kw name="Click Element" library="SeleniumLibrary">
<arg>xpath=//*[@id="1"]/div[4]</arg>
<doc>Click the element identified by ``locator``.</doc>
<msg timestamp="20241021 11:37:43.835" level="INFO">Clicking element 'xpath=//*[@id="1"]/div[4]'.</msg>
<status status="PASS" starttime="20241021 11:37:43.835" endtime="20241021 11:37:44.083" />
</kw>
<status status="PASS" starttime="20241021 11:37:43.835" endtime="20241021 11:37:44.086" />
</kw>
<kw name="Sleep" library="BuiltIn">
<arg>3</arg>
<doc>Pauses the test executed for the given time.</doc>
<msg timestamp="20241021 11:37:47.101" level="INFO">Slept 3 seconds</msg>
<status status="PASS" starttime="20241021 11:37:44.089" endtime="20241021 11:37:47.103" />
</kw>
<kw name="Verify product is added to cart" library="KeywordsFile">
<kw name="Get Text" library="SeleniumLibrary">
<var>${product_name}</var>
<arg>xpath=//*[@id="1"]/p</arg>
<doc>Returns the text value of the element identified by ``locator``.</doc>
<msg timestamp="20241021 11:37:47.251" level="INFO">${product_name} = iPhone 12</msg>
<status status="PASS" starttime="20241021 11:37:47.105" endtime="20241021 11:37:47.251" />
</kw>
<kw name="Get Text" library="SeleniumLibrary">
<var>${product_incart}</var>
<arg>css=p.title</arg>
<doc>Returns the text value of the element identified by ``locator``.</doc>
<msg timestamp="20241021 11:37:47.386" level="INFO">${product_incart} = iPhone 12</msg>
<status status="PASS" starttime="20241021 11:37:47.259" endtime="20241021 11:37:47.386" />
</kw>
<kw name="Element Should Contain" library="SeleniumLibrary">
<arg>css=p.title</arg>
<arg>${product_name}</arg>
<doc>Verifies that element ``locator`` contains text ``expected``.</doc>
<msg timestamp="20241021 11:37:47.539" level="INFO">Element 'css=p.title' contains text 'iPhone 12'.</msg>
<status status="PASS" starttime="20241021 11:37:47.386" endtime="20241021 11:37:47.539" />
</kw>
<status status="PASS" starttime="20241021 11:37:47.105" endtime="20241021 11:37:47.539" />
</kw>
<status status="PASS" starttime="20241021 11:37:40.640" endtime="20241021 11:37:47.539" />
</kw>
<kw name="Close Session" library="KeywordsFile" type="TEARDOWN">
<kw name="Close Browser" library="SeleniumLibrary">
<doc>Closes the current browser.</doc>
<status status="PASS" starttime="20241021 11:37:47.552" endtime="20241021 11:37:47.552" />
</kw>
<status status="PASS" starttime="20241021 11:37:47.539" endtime="20241021 11:37:47.552" />
</kw>
<status status="PASS" starttime="20241021 11:37:20.366" endtime="20241021 11:37:47.552" />
</test>
<status status="PASS" starttime="20241021 11:37:20.195" endtime="20241021 11:37:50.320" />
</suite>
<status status="PASS" starttime="20241021 11:37:20.195" endtime="20241021 11:37:50.320" />
</suite><errors>
<msg timestamp="20241021 11:37:20.377" level="WARN">desired_capabilities has been deprecated and removed. Please use options to configure browsers as per documentation.</msg>
</errors>
</robot>