<robot generator="Robot 6.1.1 (Python 3.9.5 on win32)" generated="20241021 11:37:24.408" rpa="false" schemaversion="4">
<statistics>
<total>
<stat pass="1" fail="0" skip="0">All Tests</stat>
</total>
<tag>
</tag>
<suite>
<stat pass="1" fail="0" skip="0" id="s1" name="Suites">Suites</stat>
<stat pass="1" fail="0" skip="0" id="s1-s1" name="Test-3">Suites.Test-3</stat>
</suite>
</statistics>
<suite name="Suites" id="s0"><suite id="s1-s1" name="Test-3 OS X, Monterey, Safari, 15.6" source="C:\Users\703378934\robot-browserstack\tests\test-3.robot">
<test id="s1-s1-t1" name="BStack Sample Test 3" line="20">
<kw name="Execute test" type="SETUP">
<kw name="Open Session" library="KeywordsFile">
<arg>${test_caps}</arg>
<arg>${website_url}</arg>
<kw name="Open Browser" library="SeleniumLibrary">
<arg>remote_url=${remote_url}</arg>
<arg>browser=chrome</arg>
<arg>desired_capabilities=${capabilities}</arg>
<arg>url=${test_url}</arg>
<doc>Opens a new browser instance to the optional ``url``.</doc>
<msg timestamp="20241021 11:37:24.561" level="WARN">desired_capabilities has been deprecated and removed. Please use options to configure browsers as per documentation.</msg>
<msg timestamp="20241021 11:37:24.561" level="INFO">Opening browser 'chrome' to base url 'https://bstackdemo.com' through remote server at 'http://localhost:4444/wd/hub'.</msg>
<msg timestamp="20241021 11:37:24.561" level="INFO">Completed setup!</msg>
<msg timestamp="20241021 11:37:28.613" level="WARN">Retrying (Retry(total=2, connect=None, read=None, redirect=None, status=None)) after connection broken by 'SSLError(SSLEOFError(8, 'EOF occurred in violation of protocol (_ssl.c:1129)'))': /wd/hub/session</msg>
<status status="PASS" starttime="20241021 11:37:24.561" endtime="20241021 11:37:36.647" />
</kw>
<status status="PASS" starttime="20241021 11:37:24.561" endtime="20241021 11:37:36.647" />
</kw>
<status status="PASS" starttime="20241021 11:37:24.555" endtime="20241021 11:37:36.647" />
</kw>
<kw name="Add to Cart" library="TestCases">
<kw name="Add Implicit Wait" library="KeywordsFile">
<kw name="Set Selenium Implicit Wait" library="SeleniumLibrary">
<arg>5</arg>
<doc>Sets the implicit wait value used by Selenium.</doc>
<status status="PASS" starttime="20241021 11:37:36.647" endtime="20241021 11:37:36.712" />
</kw>
<status status="PASS" starttime="20241021 11:37:36.647" endtime="20241021 11:37:36.712" />
</kw>
<kw name="Get the page title" library="KeywordsFile">
<kw name="Get Title" library="SeleniumLibrary">
<doc>Returns the title of the current page.</doc>
<status status="PASS" starttime="20241021 11:37:36.728" endtime="20241021 11:37:36.775" />
</kw>
<status status="PASS" starttime="20241021 11:37:36.728" endtime="20241021 11:37:36.791" />
</kw>
<kw name="Sleep" library="BuiltIn">
<arg>3</arg>
<doc>Pauses the test executed for the given time.</doc>
<msg timestamp="20241021 11:37:39.799" level="INFO">Slept 3 seconds</msg>
<status status="PASS" starttime="20241021 11:37:36.791" endtime="20241021 11:37:39.801" />
</kw>
<kw name="Add first product to cart" library="KeywordsFile">
<kw name="Click Element" library="SeleniumLibrary">
<arg>xpath=//*[@id="1"]/div[4]</arg>
<doc>Click the element identified by ``locator``.</doc>
<msg timestamp="20241021 11:37:39.805" level="INFO">Clicking element 'xpath=//*[@id="1"]/div[4]'.</msg>
<status status="PASS" starttime="20241021 11:37:39.805" endtime="20241021 11:37:45.031" />
</kw>
<status status="PASS" starttime="20241021 11:37:39.805" endtime="20241021 11:37:45.031" />
</kw>
<kw name="Sleep" library="BuiltIn">
<arg>3</arg>
<doc>Pauses the test executed for the given time.</doc>
<msg timestamp="20241021 11:37:48.039" level="INFO">Slept 3 seconds</msg>
<status status="PASS" starttime="20241021 11:37:45.031" endtime="20241021 11:37:48.041" />
</kw>
<kw name="Verify product is added to cart" library="KeywordsFile">
<kw name="Get Text" library="SeleniumLibrary">
<var>${product_name}</var>
<arg>xpath=//*[@id="1"]/p</arg>
<doc>Returns the text value of the element identified by ``locator``.</doc>
<msg timestamp="20241021 11:37:48.152" level="INFO">${product_name} = iPhone 12</msg>
<status status="PASS" starttime="20241021 11:37:48.044" endtime="20241021 11:37:48.152" />
</kw>
<kw name="Get Text" library="SeleniumLibrary">
<var>${product_incart}</var>
<arg>css=p.title</arg>
<doc>Returns the text value of the element identified by ``locator``.</doc>
<msg timestamp="20241021 11:37:48.253" level="INFO">${product_incart} = iPhone 12</msg>
<status status="PASS" starttime="20241021 11:37:48.152" endtime="20241021 11:37:48.264" />
</kw>
<kw name="Element Should Contain" library="SeleniumLibrary">
<arg>css=p.title</arg>
<arg>${product_name}</arg>
<doc>Verifies that element ``locator`` contains text ``expected``.</doc>
<msg timestamp="20241021 11:37:48.373" level="INFO">Element 'css=p.title' contains text 'iPhone 12'.</msg>
<status status="PASS" starttime="20241021 11:37:48.268" endtime="20241021 11:37:48.373" />
</kw>
<status status="PASS" starttime="20241021 11:37:48.044" endtime="20241021 11:37:48.373" />
</kw>
<status status="PASS" starttime="20241021 11:37:36.647" endtime="20241021 11:37:48.381" />
</kw>
<kw name="Close Session" library="KeywordsFile" type="TEARDOWN">
<kw name="Close Browser" library="SeleniumLibrary">
<doc>Closes the current browser.</doc>
<status status="PASS" starttime="20241021 11:37:48.386" endtime="20241021 11:37:48.386" />
</kw>
<status status="PASS" starttime="20241021 11:37:48.381" endtime="20241021 11:37:48.386" />
</kw>
<status status="PASS" starttime="20241021 11:37:24.555" endtime="20241021 11:37:48.386" />
</test>
<status status="PASS" starttime="20241021 11:37:24.443" endtime="20241021 11:37:51.147" />
</suite>
<status status="PASS" starttime="20241021 11:37:24.443" endtime="20241021 11:37:51.147" />
</suite><errors>
<msg timestamp="20241021 11:37:24.561" level="WARN">desired_capabilities has been deprecated and removed. Please use options to configure browsers as per documentation.</msg>
<msg timestamp="20241021 11:37:28.613" level="WARN">Retrying (Retry(total=2, connect=None, read=None, redirect=None, status=None)) after connection broken by 'SSLError(SSLEOFError(8, 'EOF occurred in violation of protocol (_ssl.c:1129)'))': /wd/hub/session</msg>
</errors>
</robot>